<?xml version="1.0" encoding="UTF-8"?>
<testng-results skipped="0" failed="0" ignored="0" total="2" passed="2">
  <reporter-output>
  </reporter-output>
  <suite name="Suite" duration-ms="19232" started-at="2020-10-04T21:43:09Z" finished-at="2020-10-04T21:43:29Z">
    <groups>
    </groups>
    <test name="Test" duration-ms="19232" started-at="2020-10-04T21:43:09Z" finished-at="2020-10-04T21:43:29Z">
      <class name="test.LoginTest">
        <test-method status="PASS" signature="beforeMethod()[pri:0, instance:test.LoginTest@57175e74]" name="beforeMethod" is-config="true" duration-ms="5420" started-at="2020-10-04T21:43:09Z" finished-at="2020-10-04T21:43:15Z">
          <reporter-output>
          </reporter-output>
        </test-method> <!-- beforeMethod -->
        <test-method status="PASS" signature="loginWithWrongEmailTest()[pri:0, instance:test.LoginTest@57175e74]" name="loginWithWrongEmailTest" duration-ms="2400" started-at="2020-10-04T21:43:15Z" finished-at="2020-10-04T21:43:17Z">
          <reporter-output>
          </reporter-output>
        </test-method> <!-- loginWithWrongEmailTest -->
        <test-method status="PASS" signature="afterMethod()[pri:0, instance:test.LoginTest@57175e74]" name="afterMethod" is-config="true" duration-ms="822" started-at="2020-10-04T21:43:17Z" finished-at="2020-10-04T21:43:18Z">
          <reporter-output>
          </reporter-output>
        </test-method> <!-- afterMethod -->
        <test-method status="PASS" signature="beforeMethod()[pri:0, instance:test.LoginTest@57175e74]" name="beforeMethod" is-config="true" duration-ms="4867" started-at="2020-10-04T21:43:18Z" finished-at="2020-10-04T21:43:23Z">
          <reporter-output>
          </reporter-output>
        </test-method> <!-- beforeMethod -->
        <test-method status="PASS" signature="loginWithWrongPasswordTest()[pri:0, instance:test.LoginTest@57175e74]" name="loginWithWrongPasswordTest" duration-ms="4990" started-at="2020-10-04T21:43:23Z" finished-at="2020-10-04T21:43:28Z">
          <reporter-output>
          </reporter-output>
        </test-method> <!-- loginWithWrongPasswordTest -->
        <test-method status="PASS" signature="afterMethod()[pri:0, instance:test.LoginTest@57175e74]" name="afterMethod" is-config="true" duration-ms="719" started-at="2020-10-04T21:43:28Z" finished-at="2020-10-04T21:43:29Z">
          <reporter-output>
          </reporter-output>
        </test-method> <!-- afterMethod -->
      </class> <!-- test.LoginTest -->
    </test> <!-- Test -->
  </suite> <!-- Suite -->
</testng-results>
